{"uid":"2169e24e313b9444","name":"Checking finding selenide repository at the search top","fullName":"qa.github.GithubSelenideTests.shouldFindSelenideRepositoryAtTheTopTest","historyId":"533307b152a0cc4e3997dcc803dec16a","time":{"start":1737296288794,"stop":1737296306458,"duration":17664},"description":"","status":"failed","statusMessage":"Element not found {[data-testid=results-list] a[0]}\nExpected: visible\nScreenshot: file:/home/runner/work/WebQaGuruMishkaEducation/WebQaGuruMishkaEducation/build/reports/tests/1737296306296.1.png\nPage source: file:/home/runner/work/WebQaGuruMishkaEducation/WebQaGuruMishkaEducation/build/reports/tests/1737296306296.1.html\nTimeout: 4 s.\nCaused by: NoSuchElementException: no such element: Unable to locate element: {\"method\":\"css selector\",\"selector\":\"[data-testid=results-list] a\"}","statusTrace":"Element not found {[data-testid=results-list] a[0]}\nExpected: visible\nScreenshot: file:/home/runner/work/WebQaGuruMishkaEducation/WebQaGuruMishkaEducation/build/reports/tests/1737296306296.1.png\nPage source: file:/home/runner/work/WebQaGuruMishkaEducation/WebQaGuruMishkaEducation/build/reports/tests/1737296306296.1.html\nTimeout: 4 s.\nCaused by: NoSuchElementException: no such element: Unable to locate element: {\"method\":\"css selector\",\"selector\":\"[data-testid=results-list] a\"}\n\tat com.codeborne.selenide.impl.CollectionElement.createElementNotFoundError(CollectionElement.java:58)\n\tat com.codeborne.selenide.impl.WebElementSource.handleError(WebElementSource.java:119)\n\tat com.codeborne.selenide.impl.WebElementSource.checkConditionAndReturnElement(WebElementSource.java:102)\n\tat com.codeborne.selenide.impl.WebElementSource.findAndAssertElementIsClickable(WebElementSource.java:148)\n\tat com.codeborne.selenide.commands.Click.findElement(Click.java:42)\n\tat com.codeborne.selenide.commands.Click.execute(Click.java:28)\n\tat com.codeborne.selenide.FluentCommand.execute(FluentCommand.java:27)\n\tat com.codeborne.selenide.FluentCommand.execute(FluentCommand.java:19)\n\tat com.codeborne.selenide.commands.Commands.execute(Commands.java:159)\n\tat com.codeborne.selenide.impl.SelenideElementProxy.dispatchAndRetry(SelenideElementProxy.java:131)\n\tat com.codeborne.selenide.impl.SelenideElementProxy.invoke(SelenideElementProxy.java:83)\n\tat jdk.proxy3/jdk.proxy3.$Proxy33.click(Unknown Source)\n\tat qa.github.GithubSelenideTests.shouldFindSelenideRepositoryAtTheTopTest(GithubSelenideTests.java:21)\n\tat java.base/java.lang.reflect.Method.invoke(Method.java:580)\n\tat java.base/java.util.concurrent.ForkJoinTask.doExec(ForkJoinTask.java:387)\n\tat java.base/java.util.concurrent.ForkJoinPool$WorkQueue.topLevelExec(ForkJoinPool.java:1312)\n\tat java.base/java.util.concurrent.ForkJoinPool.scan(ForkJoinPool.java:1843)\n\tat java.base/java.util.concurrent.ForkJoinPool.runWorker(ForkJoinPool.java:1808)\n\tat java.base/java.util.concurrent.ForkJoinWorkerThread.run(ForkJoinWorkerThread.java:188)\nCaused by: org.openqa.selenium.NoSuchElementException: no such element: Unable to locate element: {\"method\":\"css selector\",\"selector\":\"[data-testid=results-list] a\"}\n  (Session info: chrome=128.0.6613.137)\nFor documentation on this error, please visit: https://www.selenium.dev/documentation/webdriver/troubleshooting/errors#no-such-element-exception\nBuild info: version: '4.27.0', revision: 'd6e718d134'\nSystem info: os.name: 'Linux', os.arch: 'amd64', os.version: '6.8.0-1017-azure', java.version: '21.0.5'\nDriver info: org.openqa.selenium.remote.RemoteWebDriver\nCommand: [b63426e76532611093c764542dc76ae9, findElement {value=[data-testid=results-list] a, using=css selector}]\nCapabilities {acceptInsecureCerts: true, browserName: chrome, browserVersion: 128.0.6613.137, chrome: {chromedriverVersion: 128.0.6613.18 (7d504c2c60ba..., userDataDir: /tmp/.org.chromium.Chromium...}, fedcm:accounts: true, goog:chromeOptions: {debuggerAddress: localhost:38261}, networkConnectionEnabled: false, pageLoadStrategy: normal, platformName: linux, proxy: Proxy(), se:cdp: ws://localhost:4444/devtool..., se:cdpVersion: 128.0.6613.137, setWindowRect: true, strictFileInteractability: false, timeouts: {implicit: 0, pageLoad: 300000, script: 30000}, unhandledPromptBehavior: accept, webauthn:extension:credBlob: true, webauthn:extension:largeBlob: true, webauthn:extension:minPinLength: true, webauthn:extension:prf: true, webauthn:virtualAuthenticators: true}\nSession ID: b63426e76532611093c764542dc76ae9\n\tat java.base/jdk.internal.reflect.DirectConstructorHandleAccessor.newInstance(DirectConstructorHandleAccessor.java:62)\n\tat java.base/java.lang.reflect.Constructor.newInstanceWithCaller(Constructor.java:502)\n\tat java.base/java.lang.reflect.Constructor.newInstance(Constructor.java:486)\n\tat org.openqa.selenium.remote.ErrorCodec.decode(ErrorCodec.java:167)\n\tat org.openqa.selenium.remote.codec.w3c.W3CHttpResponseCodec.decode(W3CHttpResponseCodec.java:138)\n\tat org.openqa.selenium.remote.codec.w3c.W3CHttpResponseCodec.decode(W3CHttpResponseCodec.java:50)\n\tat org.openqa.selenium.remote.HttpCommandExecutor.execute(HttpCommandExecutor.java:190)\n\tat org.openqa.selenium.remote.RemoteWebDriver.execute(RemoteWebDriver.java:545)\n\tat org.openqa.selenium.remote.ElementLocation$ElementFinder$2.findElement(ElementLocation.java:165)\n\tat org.openqa.selenium.remote.ElementLocation.findElement(ElementLocation.java:59)\n\tat org.openqa.selenium.remote.RemoteWebDriver.findElement(RemoteWebDriver.java:368)\n\tat org.openqa.selenium.remote.RemoteWebDriver.findElement(RemoteWebDriver.java:362)\n\tat com.codeborne.selenide.impl.WebElementSelector.findElement(WebElementSelector.java:64)\n\tat com.codeborne.selenide.impl.WebElementSelector.findElement(WebElementSelector.java:39)\n\tat com.codeborne.selenide.impl.WebElementSelector.findElement(WebElementSelector.java:30)\n\tat com.codeborne.selenide.impl.BySelectorCollection.getElement(BySelectorCollection.java:40)\n\tat com.codeborne.selenide.impl.CollectionElement.getWebElement(CollectionElement.java:42)\n\tat com.codeborne.selenide.impl.WebElementSource.checkConditionAndReturnElement(WebElementSource.java:91)\n\t... 16 more\n","flaky":false,"newFailed":true,"newBroken":false,"newPassed":false,"retriesCount":0,"retriesStatusChange":false,"beforeStages":[],"afterStages":[],"labels":[{"name":"tag","value":"github-tests"},{"name":"junit.platform.uniqueid","value":"[engine:junit-jupiter]/[class:qa.github.GithubSelenideTests]/[method:shouldFindSelenideRepositoryAtTheTopTest()]"},{"name":"host","value":"fv-az798-429"},{"name":"thread","value":"2796@fv-az798-429.ForkJoinPool-1-worker-5(30)"},{"name":"framework","value":"junit-platform"},{"name":"language","value":"java"},{"name":"package","value":"qa.github.GithubSelenideTests"},{"name":"testClass","value":"qa.github.GithubSelenideTests"},{"name":"testMethod","value":"shouldFindSelenideRepositoryAtTheTopTest"},{"name":"suite","value":"qa.github.GithubSelenideTests"},{"name":"resultFormat","value":"allure2"}],"parameters":[],"links":[],"hidden":false,"retry":false,"extra":{"severity":"normal","retries":[],"categories":[{"name":"Product defects","matchedStatuses":[],"flaky":false}],"history":{"statistic":{"failed":1,"broken":3,"skipped":0,"passed":0,"unknown":0,"total":4},"items":[{"uid":"8a8ab4493f01f645","reportUrl":"https://MishkaKovalQA.github.io/WebQaGuruMishkaEducation/13//#testresult/8a8ab4493f01f645","status":"broken","statusDetails":"Could not start a new session. Possible causes are invalid address of the remote server or browser start-up failure. \nHost info: host: 'fv-az1065-140', ip: '10.1.0.110'","time":{"start":1737288522640,"stop":1737288612719,"duration":90079}},{"uid":"3248e48db6a049dc","reportUrl":"https://MishkaKovalQA.github.io/WebQaGuruMishkaEducation/12//#testresult/3248e48db6a049dc","status":"broken","statusDetails":"Could not start a new session. Possible causes are invalid address of the remote server or browser start-up failure. \nHost info: host: 'fv-az1278-344', ip: '10.1.0.108'","time":{"start":1737286157156,"stop":1737286247288,"duration":90132}},{"uid":"fd1964510113e0e4","reportUrl":"https://MishkaKovalQA.github.io/WebQaGuruMishkaEducation/11//#testresult/fd1964510113e0e4","status":"broken","statusDetails":"Could not start a new session. Possible causes are invalid address of the remote server or browser start-up failure. \nHost info: host: 'fv-az1701-352', ip: '10.1.0.104'","time":{"start":1737228306294,"stop":1737228396417,"duration":90123}}]},"tags":["github-tests"]},"source":"2169e24e313b9444.json","parameterValues":[]}